MAL Lexer
MAL Program 2.mal
MAL Program 2.log
1/1/01
Emily Lupini
CS3210
--------------------------------------------------------------------------------
1.         MOVEI   50, FORTY
2.         MOVEI   5,  FIVE
3.         MOVEI   2,  TWO
4.         MOVE    HRS, R1
5.         MOVE    RT,  R2
6.         BLT     R1, FORTY, REG
7.         BEQ     R1, FORTY, REG
8.         MUL     FORTY, R2, R0
9.         DIV     R2, TWO, R3
10.         ADD     R2, R3, R3
11.         SUB     R1, FORTY, R5
12.         MUL     R5, R3, R6
13.         ADD     R0, R6, R0
14.         BR      DECT
15. REG:    MUL     R1, R2, R0
16. DECT:   DIV     R0, FIVE, R6
17.         SUB     R0, R6, R0
18.         MOVE    R0, PAY
19.         END
--------------------------------------------------------------------------------
Total Errors: 0
